<?xml version="1.0" encoding="UTF-8"?>
<!-- Generated by org.testng.reporters.JUnitReportReporter -->
<testsuite skipped="0" hostname="DESKTOP-42HF2H5" name="AppDemo.AppTest" tests="1" failures="0" timestamp="15 Apr 2018 06:06:33 GMT" time="0.072" errors="0">
  <testcase name="shouldAnswerWithTrue" time="0.072" classname="AppDemo.AppTest"/>
</testsuite> <!-- AppDemo.AppTest -->
